<?xml version="1.0" encoding="UTF-8"?>
<testsuite xmlns:xsi="http://www.w3.org/2001/XMLSchema-instance" xsi:noNamespaceSchemaLocation="https://maven.apache.org/surefire/maven-surefire-plugin/xsd/surefire-test-report-3.0.xsd" version="3.0" name="org.example.testRunner.runners" time="233.444" tests="19" errors="0" skipped="0" failures="3">
  <properties>
[...]
</properties>
  <testcase name="runScenario" classname="org.example.testRunner.runners" time="11.259"/>
  <testcase name="runScenario" classname="org.example.testRunner.runners" time="9.045"/>
  <testcase name="runScenario" classname="org.example.testRunner.runners" time="7.85"/>
  <testcase name="runScenario" classname="org.example.testRunner.runners" time="10.51"/>
  <testcase name="runScenario" classname="org.example.testRunner.runners" time="11.585"/>
  <testcase name="runScenario" classname="org.example.testRunner.runners" time="10.905"/>
  <testcase name="runScenario" classname="org.example.testRunner.runners" time="11.383"/>
  <testcase name="runScenario" classname="org.example.testRunner.runners" time="8.651"/>
  <testcase name="runScenario" classname="org.example.testRunner.runners" time="8.487"/>
  <testcase name="runScenario" classname="org.example.testRunner.runners" time="8.635"/>
  <testcase name="runScenario" classname="org.example.testRunner.runners" time="19.086"/>
  <testcase name="runScenario" classname="org.example.testRunner.runners" time="16.725">
    <failure message="Expected condition failed: waiting for url to contain &quot;https://demo.nopcommerce.com/nokia-lumia-1020&quot;. Current url: &quot;https://demo.nopcommerce.com/&quot; (tried for 10 second(s) with 500 milliseconds interval)&#10;Build info: version: &apos;4.3.0&apos;, revision: &apos;a4995e2c09*&apos;&#10;System info: host: &apos;DESKTOP-K6GPACK&apos;, ip: &apos;192.168.56.1&apos;, os.name: &apos;Windows 10&apos;, os.arch: &apos;amd64&apos;, os.version: &apos;10.0&apos;, java.version: &apos;18.0.1.1&apos;&#10;Driver info: org.openqa.selenium.chrome.ChromeDriver&#10;Capabilities {acceptInsecureCerts: false, browserName: chrome, browserVersion: 103.0.5060.114, chrome: {chromedriverVersion: 103.0.5060.53 (a1711811edd7..., userDataDir: C:\Users\Manar\AppData\Loca...}, goog:chromeOptions: {debuggerAddress: localhost:64941}, networkConnectionEnabled: false, pageLoadStrategy: normal, platformName: WINDOWS, proxy: Proxy(), se:cdp: ws://localhost:64941/devtoo..., se:cdpVersion: 103.0.5060.114, setWindowRect: true, strictFileInteractability: false, timeouts: {implicit: 0, pageLoad: 300000, script: 30000}, unhandledPromptBehavior: dismiss and notify, webauthn:extension:credBlob: true, webauthn:extension:largeBlob: true, webauthn:virtualAuthenticators: true}&#10;Session ID: c5c835071fe5deb5c5a7774ec21f5682" type="org.openqa.selenium.TimeoutException"><![CDATA[org.openqa.selenium.TimeoutException: 
Expected condition failed: waiting for url to contain "https://demo.nopcommerce.com/nokia-lumia-1020". Current url: "https://demo.nopcommerce.com/" (tried for 10 second(s) with 500 milliseconds interval)
Build info: version: '4.3.0', revision: 'a4995e2c09*'
System info: host: 'DESKTOP-K6GPACK', ip: '192.168.56.1', os.name: 'Windows 10', os.arch: 'amd64', os.version: '10.0', java.version: '18.0.1.1'
Driver info: org.openqa.selenium.chrome.ChromeDriver
Capabilities {acceptInsecureCerts: false, browserName: chrome, browserVersion: 103.0.5060.114, chrome: {chromedriverVersion: 103.0.5060.53 (a1711811edd7..., userDataDir: C:\Users\Manar\AppData\Loca...}, goog:chromeOptions: {debuggerAddress: localhost:64941}, networkConnectionEnabled: false, pageLoadStrategy: normal, platformName: WINDOWS, proxy: Proxy(), se:cdp: ws://localhost:64941/devtoo..., se:cdpVersion: 103.0.5060.114, setWindowRect: true, strictFileInteractability: false, timeouts: {implicit: 0, pageLoad: 300000, script: 30000}, unhandledPromptBehavior: dismiss and notify, webauthn:extension:credBlob: true, webauthn:extension:largeBlob: true, webauthn:virtualAuthenticators: true}
Session ID: c5c835071fe5deb5c5a7774ec21f5682
]]></failure>
    <system-out><![CDATA[
@smoke
Scenario: user can click on first slider and goto https://demo.nopcommerce.com/nokia-lumia-1020 &amp#27;[90m# src/main/resources/features/F06_homeSliders.feature:4&amp#27;[0m
  &amp#27;[32mWhen &amp#27;[0m&amp#27;[32muser clicks on slider "&amp#27;[0m&amp#27;[32m&amp#27;[1m1&amp#27;[0m&amp#27;[32m"&amp#27;[0m                                                                &amp#27;[90m# org.example.stepDefs.D06_homeSlidersStepDef.click_nokia_Slider(java.lang.String)&amp#27;[0m
  &amp#27;[31mThen &amp#27;[0m&amp#27;[31muser redirected to the slider link "&amp#27;[0m&amp#27;[31m&amp#27;[1mhttps://demo.nopcommerce.com/nokia-lumia-1020&amp#27;[0m&amp#27;[31m"&amp#27;[0m       &amp#27;[90m# org.example.stepDefs.D06_homeSlidersStepDef.verify_sliderLink_opened(java.lang.String)&amp#27;[0m
      &amp#27;[31morg.openqa.selenium.TimeoutException: Expected condition failed: waiting for url to contain "https://demo.nopcommerce.com/nokia-lumia-1020". Current url: "https://demo.nopcommerce.com/" (tried for 10 second(s) with 500 milliseconds interval)
Build info: version: '4.3.0', revision: 'a4995e2c09*'
System info: host: 'DESKTOP-K6GPACK', ip: '192.168.56.1', os.name: 'Windows 10', os.arch: 'amd64', os.version: '10.0', java.version: '18.0.1.1'
Driver info: org.openqa.selenium.chrome.ChromeDriver
Capabilities {acceptInsecureCerts: false, browserName: chrome, browserVersion: 103.0.5060.114, chrome: {chromedriverVersion: 103.0.5060.53 (a1711811edd7..., userDataDir: C:\Users\Manar\AppData\Loca...}, goog:chromeOptions: {debuggerAddress: localhost:64941}, networkConnectionEnabled: false, pageLoadStrategy: normal, platformName: WINDOWS, proxy: Proxy(), se:cdp: ws://localhost:64941/devtoo..., se:cdpVersion: 103.0.5060.114, setWindowRect: true, strictFileInteractability: false, timeouts: {implicit: 0, pageLoad: 300000, script: 30000}, unhandledPromptBehavior: dismiss and notify, webauthn:extension:credBlob: true, webauthn:extension:largeBlob: true, webauthn:virtualAuthenticators: true}
Session ID: c5c835071fe5deb5c5a7774ec21f5682
	at org.openqa.selenium.support.ui.WebDriverWait.timeoutException(WebDriverWait.java:87)
	at org.openqa.selenium.support.ui.FluentWait.until(FluentWait.java:231)
	at org.example.stepDefs.D06_homeSlidersStepDef.verify_sliderLink_opened(D06_homeSlidersStepDef.java:24)
	at ✽.user redirected to the slider link "https://demo.nopcommerce.com/nokia-lumia-1020"(file:///D:/manar/Ecommerce%20Project/src/main/resources/features/F06_homeSliders.feature:6)
&amp#27;[0m
]]></system-out>
    <system-err><![CDATA[Starting ChromeDriver 103.0.5060.53 (a1711811edd74ff1cf2150f36ffa3b0dae40b17f-refs/branch-heads/5060@{#853}) on port 55115
Only local connections are allowed.
Please see https://chromedriver.chromium.org/security-considerations for suggestions on keeping ChromeDriver safe.
ChromeDriver was started successfully.
Jul 16, 2022 3:59:03 AM org.openqa.selenium.remote.ProtocolHandshake createSession
INFO: Detected upstream dialect: W3C
Jul 16, 2022 3:59:03 AM org.openqa.selenium.devtools.CdpVersionFinder findNearestMatch
INFO: Found exact CDP implementation for version 103
]]></system-err>
  </testcase>
  <testcase name="runScenario" classname="org.example.testRunner.runners" time="17.529">
    <failure message="Expected condition failed: waiting for url to contain &quot;https://demo.nopcommerce.com/iphone-6&quot;. Current url: &quot;https://demo.nopcommerce.com/&quot; (tried for 10 second(s) with 500 milliseconds interval)&#10;Build info: version: &apos;4.3.0&apos;, revision: &apos;a4995e2c09*&apos;&#10;System info: host: &apos;DESKTOP-K6GPACK&apos;, ip: &apos;192.168.56.1&apos;, os.name: &apos;Windows 10&apos;, os.arch: &apos;amd64&apos;, os.version: &apos;10.0&apos;, java.version: &apos;18.0.1.1&apos;&#10;Driver info: org.openqa.selenium.chrome.ChromeDriver&#10;Capabilities {acceptInsecureCerts: false, browserName: chrome, browserVersion: 103.0.5060.114, chrome: {chromedriverVersion: 103.0.5060.53 (a1711811edd7..., userDataDir: C:\Users\Manar\AppData\Loca...}, goog:chromeOptions: {debuggerAddress: localhost:64975}, networkConnectionEnabled: false, pageLoadStrategy: normal, platformName: WINDOWS, proxy: Proxy(), se:cdp: ws://localhost:64975/devtoo..., se:cdpVersion: 103.0.5060.114, setWindowRect: true, strictFileInteractability: false, timeouts: {implicit: 0, pageLoad: 300000, script: 30000}, unhandledPromptBehavior: dismiss and notify, webauthn:extension:credBlob: true, webauthn:extension:largeBlob: true, webauthn:virtualAuthenticators: true}&#10;Session ID: c3bcf538010d3b3726b08dddf9d2f3c7" type="org.openqa.selenium.TimeoutException"><![CDATA[org.openqa.selenium.TimeoutException: 
Expected condition failed: waiting for url to contain "https://demo.nopcommerce.com/iphone-6". Current url: "https://demo.nopcommerce.com/" (tried for 10 second(s) with 500 milliseconds interval)
Build info: version: '4.3.0', revision: 'a4995e2c09*'
System info: host: 'DESKTOP-K6GPACK', ip: '192.168.56.1', os.name: 'Windows 10', os.arch: 'amd64', os.version: '10.0', java.version: '18.0.1.1'
Driver info: org.openqa.selenium.chrome.ChromeDriver
Capabilities {acceptInsecureCerts: false, browserName: chrome, browserVersion: 103.0.5060.114, chrome: {chromedriverVersion: 103.0.5060.53 (a1711811edd7..., userDataDir: C:\Users\Manar\AppData\Loca...}, goog:chromeOptions: {debuggerAddress: localhost:64975}, networkConnectionEnabled: false, pageLoadStrategy: normal, platformName: WINDOWS, proxy: Proxy(), se:cdp: ws://localhost:64975/devtoo..., se:cdpVersion: 103.0.5060.114, setWindowRect: true, strictFileInteractability: false, timeouts: {implicit: 0, pageLoad: 300000, script: 30000}, unhandledPromptBehavior: dismiss and notify, webauthn:extension:credBlob: true, webauthn:extension:largeBlob: true, webauthn:virtualAuthenticators: true}
Session ID: c3bcf538010d3b3726b08dddf9d2f3c7
]]></failure>
    <system-out><![CDATA[
@smoke
Scenario: user can click on first slider and goto https://demo.nopcommerce.com/nokia-lumia-1020 &amp#27;[90m# src/main/resources/features/F06_homeSliders.feature:8&amp#27;[0m
  &amp#27;[32mWhen &amp#27;[0m&amp#27;[32muser clicks on slider "&amp#27;[0m&amp#27;[32m&amp#27;[1m2&amp#27;[0m&amp#27;[32m"&amp#27;[0m                                                                &amp#27;[90m# org.example.stepDefs.D06_homeSlidersStepDef.click_nokia_Slider(java.lang.String)&amp#27;[0m
  &amp#27;[31mThen &amp#27;[0m&amp#27;[31muser redirected to the slider link "&amp#27;[0m&amp#27;[31m&amp#27;[1mhttps://demo.nopcommerce.com/iphone-6&amp#27;[0m&amp#27;[31m"&amp#27;[0m               &amp#27;[90m# org.example.stepDefs.D06_homeSlidersStepDef.verify_sliderLink_opened(java.lang.String)&amp#27;[0m
      &amp#27;[31morg.openqa.selenium.TimeoutException: Expected condition failed: waiting for url to contain "https://demo.nopcommerce.com/iphone-6". Current url: "https://demo.nopcommerce.com/" (tried for 10 second(s) with 500 milliseconds interval)
Build info: version: '4.3.0', revision: 'a4995e2c09*'
System info: host: 'DESKTOP-K6GPACK', ip: '192.168.56.1', os.name: 'Windows 10', os.arch: 'amd64', os.version: '10.0', java.version: '18.0.1.1'
Driver info: org.openqa.selenium.chrome.ChromeDriver
Capabilities {acceptInsecureCerts: false, browserName: chrome, browserVersion: 103.0.5060.114, chrome: {chromedriverVersion: 103.0.5060.53 (a1711811edd7..., userDataDir: C:\Users\Manar\AppData\Loca...}, goog:chromeOptions: {debuggerAddress: localhost:64975}, networkConnectionEnabled: false, pageLoadStrategy: normal, platformName: WINDOWS, proxy: Proxy(), se:cdp: ws://localhost:64975/devtoo..., se:cdpVersion: 103.0.5060.114, setWindowRect: true, strictFileInteractability: false, timeouts: {implicit: 0, pageLoad: 300000, script: 30000}, unhandledPromptBehavior: dismiss and notify, webauthn:extension:credBlob: true, webauthn:extension:largeBlob: true, webauthn:virtualAuthenticators: true}
Session ID: c3bcf538010d3b3726b08dddf9d2f3c7
	at org.openqa.selenium.support.ui.WebDriverWait.timeoutException(WebDriverWait.java:87)
	at org.openqa.selenium.support.ui.FluentWait.until(FluentWait.java:231)
	at org.example.stepDefs.D06_homeSlidersStepDef.verify_sliderLink_opened(D06_homeSlidersStepDef.java:24)
	at ✽.user redirected to the slider link "https://demo.nopcommerce.com/iphone-6"(file:///D:/manar/Ecommerce%20Project/src/main/resources/features/F06_homeSliders.feature:10)
&amp#27;[0m
]]></system-out>
    <system-err><![CDATA[Starting ChromeDriver 103.0.5060.53 (a1711811edd74ff1cf2150f36ffa3b0dae40b17f-refs/branch-heads/5060@{#853}) on port 57967
Only local connections are allowed.
Please see https://chromedriver.chromium.org/security-considerations for suggestions on keeping ChromeDriver safe.
ChromeDriver was started successfully.
Jul 16, 2022 3:59:20 AM org.openqa.selenium.remote.ProtocolHandshake createSession
INFO: Detected upstream dialect: W3C
Jul 16, 2022 3:59:20 AM org.openqa.selenium.devtools.CdpVersionFinder findNearestMatch
INFO: Found exact CDP implementation for version 103
]]></system-err>
  </testcase>
  <testcase name="runScenario" classname="org.example.testRunner.runners" time="13.572"/>
  <testcase name="runScenario" classname="org.example.testRunner.runners" time="10.171"/>
  <testcase name="runScenario" classname="org.example.testRunner.runners" time="9.834">
    <failure message="Index 1 out of bounds for length 1" type="java.lang.IndexOutOfBoundsException"><![CDATA[java.lang.IndexOutOfBoundsException: Index 1 out of bounds for length 1
]]></failure>
    <system-out><![CDATA[
@smoke
Scenario: user opens rss link                                                       &amp#27;[90m# src/main/resources/features/F07_followUs.feature:12&amp#27;[0m
  &amp#27;[32mWhen &amp#27;[0m&amp#27;[32muser opens "&amp#27;[0m&amp#27;[32m&amp#27;[1mrss&amp#27;[0m&amp#27;[32m" link&amp#27;[0m                                                        &amp#27;[90m# org.example.stepDefs.D07_followUsStepDef.open_faceBook(java.lang.String)&amp#27;[0m
  &amp#27;[31mThen &amp#27;[0m&amp#27;[31m"&amp#27;[0m&amp#27;[31m&amp#27;[1mhttps://demo.nopcommerce.com/new-online-store-is-open&amp#27;[0m&amp#27;[31m" is opened in new tab&amp#27;[0m &amp#27;[90m# org.example.stepDefs.D07_followUsStepDef.open_faceBook_inNewTab(java.lang.String)&amp#27;[0m
      &amp#27;[31mjava.lang.IndexOutOfBoundsException: Index 1 out of bounds for length 1
	at java.base/jdk.internal.util.Preconditions.outOfBounds(Preconditions.java:100)
	at java.base/jdk.internal.util.Preconditions.outOfBoundsCheckIndex(Preconditions.java:106)
	at java.base/jdk.internal.util.Preconditions.checkIndex(Preconditions.java:302)
	at java.base/java.util.Objects.checkIndex(Objects.java:359)
	at java.base/java.util.ArrayList.get(ArrayList.java:427)
	at org.example.stepDefs.D07_followUsStepDef.open_faceBook_inNewTab(D07_followUsStepDef.java:25)
	at ✽."https://demo.nopcommerce.com/new-online-store-is-open" is opened in new tab(file:///D:/manar/Ecommerce%20Project/src/main/resources/features/F07_followUs.feature:14)
&amp#27;[0m
]]></system-out>
    <system-err><![CDATA[Starting ChromeDriver 103.0.5060.53 (a1711811edd74ff1cf2150f36ffa3b0dae40b17f-refs/branch-heads/5060@{#853}) on port 58640
Only local connections are allowed.
Please see https://chromedriver.chromium.org/security-considerations for suggestions on keeping ChromeDriver safe.
ChromeDriver was started successfully.
Jul 16, 2022 4:00:01 AM org.openqa.selenium.remote.ProtocolHandshake createSession
INFO: Detected upstream dialect: W3C
Jul 16, 2022 4:00:01 AM org.openqa.selenium.devtools.CdpVersionFinder findNearestMatch
INFO: Found exact CDP implementation for version 103
]]></system-err>
  </testcase>
  <testcase name="runScenario" classname="org.example.testRunner.runners" time="9.694"/>
  <testcase name="runScenario" classname="org.example.testRunner.runners" time="14.569"/>
  <testcase name="runScenario" classname="org.example.testRunner.runners" time="22.711"/>
</testsuite>